<?xml version="1.0" encoding="UTF-8"?>
<beans xmlns="http://www.springframework.org/schema/beans"
 xmlns:xsi="http://www.w3.org/2001/XMLSchema-instance" xmlns:context="http://www.springframework.org/schema/context"
 xmlns:mvc="http://www.springframework.org/schema/mvc"
 xsi:schemaLocation="http://www.springframework.org/schema/beans http://www.springframework.org/schema/beans/spring-beans.xsd
  http://www.springframework.org/schema/context http://www.springframework.org/schema/context/spring-context-3.1.xsd
  http://www.springframework.org/schema/mvc http://www.springframework.org/schema/mvc/spring-mvc-3.1.xsd">

 <!-- Enabling Spring beans auto-discovery -->
 <context:component-scan base-package="com.blizzardtec.app" />

 <!-- Enabling Spring MVC configuration through annotations -->
 <mvc:annotation-driven />

 <bean id="messageSource"
  class="org.springframework.context.support.ReloadableResourceBundleMessageSource">
  <property name="basenames">
   <list>
    <value>classpath:messages</value>
   </list>
  </property>
 </bean>

 <bean id="businessDelegate" class="com.blizzardtec.app.BusinessDelegateImpl" />

 <!-- Data source -->
 <bean id="dataSource"
  class="org.springframework.jdbc.datasource.DriverManagerDataSource">
  <property name="driverClassName" value="org.hsqldb.jdbcDriver" />
  <property name="url" value="jdbc:hsqldb:mem:devDB;hsqldb.sqllog=0;hsqldb.applog=0" />
<!--   <property name="url" value="jdbc:hsqldb:file:appdb;shutdown=true;hsqldb.sqllog=0;hsqldb.applog=0" /> -->
  <property name="username" value="SA" />
  <property name="password" value="" />
 </bean>

 <bean id="sessionFactory"
  class="org.springframework.orm.hibernate3.annotation.AnnotationSessionFactoryBean"
  destroy-method="destroy">
  <property name="dataSource" ref="dataSource" />
  <property name="packagesToScan" value="com.blizzardtec.app.model" />
  <property name="hibernateProperties">
   <props>
    <prop key="hibernate.dialect">org.hibernate.dialect.HSQLDialect</prop>
    <prop key="hibernate.hbm2ddl.auto">create-drop</prop>
    <prop key="hibernate.show_sql">false</prop>
   </props>
  </property>
 </bean>

 <bean id="userDao" class="com.blizzardtec.app.dao.UserDaoImpl">
  <constructor-arg>
   <value>com.blizzardtec.app.model.User</value>
  </constructor-arg>
 </bean>

</beans>
